This file contains any messages produced by compilers while
running configure, to aid debugging if configure makes a mistake.

It was created by configure, which was
generated by GNU Autoconf 2.59.  Invocation command line was

  $ configure --cache-file=cross-config.cache --target=gp2x --host=gp2x --build=i386-linux --prefix=/usr/local/gp2xdev --enable-gp2x --enable-static --enable-320x240

## --------- ##
## Platform. ##
## --------- ##

hostname = chicken
uname -m = i686
uname -r = 2.6.14
uname -s = Linux
uname -v = #1 PREEMPT Tue Jan 10 18:56:04 CET 2006

/usr/bin/uname -p = unknown
/bin/uname -X     = unknown

/bin/arch              = i686
/usr/bin/arch -k       = unknown
/usr/convex/getsysinfo = unknown
hostinfo               = unknown
/bin/machine           = unknown
/usr/bin/oslevel       = unknown
/bin/universe          = unknown

PATH: /usr/local/gp2xdev
PATH: /usr/local/gp2xdev/bin
PATH: /usr/local/gp2xdev/gp2x/bin
PATH: /sbin
PATH: /usr/sbin
PATH: /usr/local/sbin
PATH: /bin
PATH: /usr/bin
PATH: /usr/local/bin
PATH: /usr/games
PATH: /usr/local/games
PATH: /usr/bin/X11
PATH: /root/bin
PATH: /opt/ant/bin
PATH: /usr/local/gp2xdev
PATH: /usr/local/gp2xdev/bin
PATH: /usr/lib/j2sdk/bin
PATH: /usr/local/gp2xdev/bin


## ----------- ##
## Core tests. ##
## ----------- ##

configure:1214: creating cache cross-config.cache
configure:1327: checking build system type
configure:1345: result: i386-pc-linux-gnu
configure:1353: checking host system type
configure:1367: result: arm-gp2x-linux-gnu
configure:1375: checking target system type
configure:1389: result: arm-gp2x-linux-gnu
configure:1421: checking for a BSD-compatible install
configure:1476: result: /bin/install -c
configure:1487: checking whether build environment is sane
configure:1530: result: yes
configure:1595: checking for gawk
configure:1611: found /bin/gawk
configure:1621: result: gawk
configure:1631: checking whether make sets $(MAKE)
configure:1651: result: yes
configure:1727: checking for gp2x-strip
configure:1743: found /usr/local/gp2xdev/bin/gp2x-strip
configure:1753: result: gp2x-strip
configure:1829: checking for gp2x-gcc
configure:1845: found /usr/local/gp2xdev/bin/gp2x-gcc
configure:1855: result: gp2x-gcc
configure:2137: checking for C compiler version
configure:2140: gp2x-gcc --version </dev/null >&5
gp2x-gcc (GCC) 4.0.2
Copyright (C) 2005 Free Software Foundation, Inc.
This is free software; see the source for copying conditions.  There is NO
warranty; not even for MERCHANTABILITY or FITNESS FOR A PARTICULAR PURPOSE.

configure:2143: $? = 0
configure:2145: gp2x-gcc -v </dev/null >&5
Using built-in specs.
Target: gp2x
Configured with: ../configure --prefix=/usr/local/gp2xdev --target=gp2x --disable-libmudflap --disable-libssp --disable-libstdcxx-pch --disable-multilib --disable-nls --disable-shared --enable-c99 --enable-__cxa_atexit --enable-cxx-flags=-mcpu=arm920t --enable-languages=c,c++ --enable-long-long --enable-symvers=gnu --enable-threads=posix --with-cpu=arm920t --with-float=soft
Thread model: posix
gcc version 4.0.2
configure:2148: $? = 0
configure:2150: gp2x-gcc -V </dev/null >&5
gp2x-gcc: '-V' option must have argument
configure:2153: $? = 1
configure:2176: checking for C compiler default output file name
configure:2179: gp2x-gcc    conftest.c  >&5
configure:2182: $? = 0
configure:2228: result: a.out
configure:2233: checking whether the C compiler works
configure:2259: result: yes
configure:2266: checking whether we are cross compiling
configure:2268: result: yes
configure:2271: checking for suffix of executables
configure:2273: gp2x-gcc -o conftest    conftest.c  >&5
configure:2276: $? = 0
configure:2301: result: 
configure:2307: checking for suffix of object files
configure:2328: gp2x-gcc -c   conftest.c >&5
configure:2331: $? = 0
configure:2353: result: o
configure:2357: checking whether we are using the GNU C compiler
configure:2381: gp2x-gcc -c   conftest.c >&5
configure:2387: $? = 0
configure:2391: test -z 
			 || test ! -s conftest.err
configure:2394: $? = 0
configure:2397: test -s conftest.o
configure:2400: $? = 0
configure:2413: result: yes
configure:2419: checking whether gp2x-gcc accepts -g
configure:2440: gp2x-gcc -c -g  conftest.c >&5
configure:2446: $? = 0
configure:2450: test -z 
			 || test ! -s conftest.err
configure:2453: $? = 0
configure:2456: test -s conftest.o
configure:2459: $? = 0
configure:2470: result: yes
configure:2487: checking for gp2x-gcc option to accept ANSI C
configure:2557: gp2x-gcc  -c -g -O2  conftest.c >&5
configure:2563: $? = 0
configure:2567: test -z 
			 || test ! -s conftest.err
configure:2570: $? = 0
configure:2573: test -s conftest.o
configure:2576: $? = 0
configure:2594: result: none needed
configure:2612: gp2x-gcc -c -g -O2  conftest.c >&5
conftest.c:2: error: syntax error before 'me'
configure:2618: $? = 1
configure: failed program was:
| #ifndef __cplusplus
|   choke me
| #endif
configure:2762: checking for style of include used by make
configure:2790: result: GNU
configure:2818: checking dependency style of gp2x-gcc
configure:2908: result: gcc3
configure:2935: checking for gp2x-g++
configure:2951: found /usr/local/gp2xdev/bin/gp2x-g++
configure:2961: result: gp2x-g++
configure:3019: checking for C++ compiler version
configure:3022: gp2x-g++ --version </dev/null >&5
gp2x-g++ (GCC) 4.0.2
Copyright (C) 2005 Free Software Foundation, Inc.
This is free software; see the source for copying conditions.  There is NO
warranty; not even for MERCHANTABILITY or FITNESS FOR A PARTICULAR PURPOSE.

configure:3025: $? = 0
configure:3027: gp2x-g++ -v </dev/null >&5
Using built-in specs.
Target: gp2x
Configured with: ../configure --prefix=/usr/local/gp2xdev --target=gp2x --disable-libmudflap --disable-libssp --disable-libstdcxx-pch --disable-multilib --disable-nls --disable-shared --enable-c99 --enable-__cxa_atexit --enable-cxx-flags=-mcpu=arm920t --enable-languages=c,c++ --enable-long-long --enable-symvers=gnu --enable-threads=posix --with-cpu=arm920t --with-float=soft
Thread model: posix
gcc version 4.0.2
configure:3030: $? = 0
configure:3032: gp2x-g++ -V </dev/null >&5
gp2x-g++: '-V' option must have argument
configure:3035: $? = 1
configure:3038: checking whether we are using the GNU C++ compiler
configure:3062: gp2x-g++ -c   conftest.cc >&5
configure:3068: $? = 0
configure:3072: test -z 
			 || test ! -s conftest.err
configure:3075: $? = 0
configure:3078: test -s conftest.o
configure:3081: $? = 0
configure:3094: result: yes
configure:3100: checking whether gp2x-g++ accepts -g
configure:3121: gp2x-g++ -c -g  conftest.cc >&5
configure:3127: $? = 0
configure:3131: test -z 
			 || test ! -s conftest.err
configure:3134: $? = 0
configure:3137: test -s conftest.o
configure:3140: $? = 0
configure:3151: result: yes
configure:3193: gp2x-g++ -c -g -O2  conftest.cc >&5
configure:3199: $? = 0
configure:3203: test -z 
			 || test ! -s conftest.err
configure:3206: $? = 0
configure:3209: test -s conftest.o
configure:3212: $? = 0
configure:3238: gp2x-g++ -c -g -O2  conftest.cc >&5
conftest.cc: In function 'int main()':
conftest.cc:15: error: 'exit' was not declared in this scope
configure:3244: $? = 1
configure: failed program was:
| /* confdefs.h.  */
| 
| #define PACKAGE_NAME ""
| #define PACKAGE_TARNAME ""
| #define PACKAGE_VERSION ""
| #define PACKAGE_STRING ""
| #define PACKAGE_BUGREPORT ""
| #define PACKAGE "ppang"
| #define VERSION "1.1.1"
| /* end confdefs.h.  */
| 
| int
| main ()
| {
| exit (42);
|   ;
|   return 0;
| }
configure:3193: gp2x-g++ -c -g -O2  conftest.cc >&5
configure:3199: $? = 0
configure:3203: test -z 
			 || test ! -s conftest.err
configure:3206: $? = 0
configure:3209: test -s conftest.o
configure:3212: $? = 0
configure:3238: gp2x-g++ -c -g -O2  conftest.cc >&5
configure:3244: $? = 0
configure:3248: test -z 
			 || test ! -s conftest.err
configure:3251: $? = 0
configure:3254: test -s conftest.o
configure:3257: $? = 0
configure:3282: checking dependency style of gp2x-g++
configure:3372: result: gcc3
configure:3392: checking for an ANSI C-conforming const
configure:3459: gp2x-gcc -c -g -O2  conftest.c >&5
configure:3465: $? = 0
configure:3469: test -z 
			 || test ! -s conftest.err
configure:3472: $? = 0
configure:3475: test -s conftest.o
configure:3478: $? = 0
configure:3489: result: yes
configure:3522: checking how to run the C preprocessor
configure:3557: gp2x-gcc -E  conftest.c
configure:3563: $? = 0
configure:3595: gp2x-gcc -E  conftest.c
conftest.c:14:28: error: ac_nonexistent.h: No such file or directory
configure:3601: $? = 1
configure: failed program was:
| /* confdefs.h.  */
| 
| #define PACKAGE_NAME ""
| #define PACKAGE_TARNAME ""
| #define PACKAGE_VERSION ""
| #define PACKAGE_STRING ""
| #define PACKAGE_BUGREPORT ""
| #define PACKAGE "ppang"
| #define VERSION "1.1.1"
| #ifdef __cplusplus
| extern "C" void std::exit (int) throw (); using std::exit;
| #endif
| /* end confdefs.h.  */
| #include <ac_nonexistent.h>
configure:3640: result: gp2x-gcc -E
configure:3664: gp2x-gcc -E  conftest.c
configure:3670: $? = 0
configure:3702: gp2x-gcc -E  conftest.c
conftest.c:14:28: error: ac_nonexistent.h: No such file or directory
configure:3708: $? = 1
configure: failed program was:
| /* confdefs.h.  */
| 
| #define PACKAGE_NAME ""
| #define PACKAGE_TARNAME ""
| #define PACKAGE_VERSION ""
| #define PACKAGE_STRING ""
| #define PACKAGE_BUGREPORT ""
| #define PACKAGE "ppang"
| #define VERSION "1.1.1"
| #ifdef __cplusplus
| extern "C" void std::exit (int) throw (); using std::exit;
| #endif
| /* end confdefs.h.  */
| #include <ac_nonexistent.h>
configure:3752: checking for X
configure:3857: gp2x-gcc -E  conftest.c
conftest.c:14:27: error: X11/Intrinsic.h: No such file or directory
configure:3863: $? = 1
configure: failed program was:
| /* confdefs.h.  */
| 
| #define PACKAGE_NAME ""
| #define PACKAGE_TARNAME ""
| #define PACKAGE_VERSION ""
| #define PACKAGE_STRING ""
| #define PACKAGE_BUGREPORT ""
| #define PACKAGE "ppang"
| #define VERSION "1.1.1"
| #ifdef __cplusplus
| extern "C" void std::exit (int) throw (); using std::exit;
| #endif
| /* end confdefs.h.  */
| #include <X11/Intrinsic.h>
configure:3913: gp2x-gcc -o conftest -g -O2   conftest.c -lXt  >&5
conftest.c:14:27: error: X11/Intrinsic.h: No such file or directory
configure:3919: $? = 1
configure: failed program was:
| /* confdefs.h.  */
| 
| #define PACKAGE_NAME ""
| #define PACKAGE_TARNAME ""
| #define PACKAGE_VERSION ""
| #define PACKAGE_STRING ""
| #define PACKAGE_BUGREPORT ""
| #define PACKAGE "ppang"
| #define VERSION "1.1.1"
| #ifdef __cplusplus
| extern "C" void std::exit (int) throw (); using std::exit;
| #endif
| /* end confdefs.h.  */
| #include <X11/Intrinsic.h>
| int
| main ()
| {
| XtMalloc (0)
|   ;
|   return 0;
| }
configure:3982: result: libraries /usr/X11/lib, headers /usr/X11/include
configure:4154: gp2x-gcc -o conftest -g -O2   conftest.c   -L/usr/X11/lib -lX11 >&5
/usr/local/gp2xdev/lib/gcc/gp2x/4.0.2/../../../../gp2x/bin/ld: skipping incompatible /usr/X11/lib/libX11.so when searching for -lX11
/usr/local/gp2xdev/lib/gcc/gp2x/4.0.2/../../../../gp2x/bin/ld: cannot find -lX11
collect2: ld returned 1 exit status
configure:4160: $? = 1
configure: failed program was:
| /* confdefs.h.  */
| 
| #define PACKAGE_NAME ""
| #define PACKAGE_TARNAME ""
| #define PACKAGE_VERSION ""
| #define PACKAGE_STRING ""
| #define PACKAGE_BUGREPORT ""
| #define PACKAGE "ppang"
| #define VERSION "1.1.1"
| #ifdef __cplusplus
| extern "C" void std::exit (int) throw (); using std::exit;
| #endif
| /* end confdefs.h.  */
| 
| /* Override any gcc2 internal prototype to avoid an error.  */
| #ifdef __cplusplus
| extern "C"
| #endif
| /* We use char because int might match the return type of a gcc2
|    builtin and then its argument prototype would still apply.  */
| char XOpenDisplay ();
| int
| main ()
| {
| XOpenDisplay ();
|   ;
|   return 0;
| }
configure:4180: checking for dnet_ntoa in -ldnet
configure:4210: gp2x-gcc -o conftest -g -O2   conftest.c -ldnet    -L/usr/X11/lib -lX11 >&5
/usr/local/gp2xdev/lib/gcc/gp2x/4.0.2/../../../../gp2x/bin/ld: cannot find -ldnet
collect2: ld returned 1 exit status
configure:4216: $? = 1
configure: failed program was:
| /* confdefs.h.  */
| 
| #define PACKAGE_NAME ""
| #define PACKAGE_TARNAME ""
| #define PACKAGE_VERSION ""
| #define PACKAGE_STRING ""
| #define PACKAGE_BUGREPORT ""
| #define PACKAGE "ppang"
| #define VERSION "1.1.1"
| #ifdef __cplusplus
| extern "C" void std::exit (int) throw (); using std::exit;
| #endif
| /* end confdefs.h.  */
| 
| /* Override any gcc2 internal prototype to avoid an error.  */
| #ifdef __cplusplus
| extern "C"
| #endif
| /* We use char because int might match the return type of a gcc2
|    builtin and then its argument prototype would still apply.  */
| char dnet_ntoa ();
| int
| main ()
| {
| dnet_ntoa ();
|   ;
|   return 0;
| }
configure:4242: result: no
configure:4249: checking for dnet_ntoa in -ldnet_stub
configure:4279: gp2x-gcc -o conftest -g -O2   conftest.c -ldnet_stub    -L/usr/X11/lib -lX11 >&5
/usr/local/gp2xdev/lib/gcc/gp2x/4.0.2/../../../../gp2x/bin/ld: cannot find -ldnet_stub
collect2: ld returned 1 exit status
configure:4285: $? = 1
configure: failed program was:
| /* confdefs.h.  */
| 
| #define PACKAGE_NAME ""
| #define PACKAGE_TARNAME ""
| #define PACKAGE_VERSION ""
| #define PACKAGE_STRING ""
| #define PACKAGE_BUGREPORT ""
| #define PACKAGE "ppang"
| #define VERSION "1.1.1"
| #ifdef __cplusplus
| extern "C" void std::exit (int) throw (); using std::exit;
| #endif
| /* end confdefs.h.  */
| 
| /* Override any gcc2 internal prototype to avoid an error.  */
| #ifdef __cplusplus
| extern "C"
| #endif
| /* We use char because int might match the return type of a gcc2
|    builtin and then its argument prototype would still apply.  */
| char dnet_ntoa ();
| int
| main ()
| {
| dnet_ntoa ();
|   ;
|   return 0;
| }
configure:4311: result: no
configure:4331: checking for gethostbyname
configure:4388: gp2x-gcc -o conftest -g -O2   conftest.c  >&5
configure:4394: $? = 0
configure:4398: test -z 
			 || test ! -s conftest.err
configure:4401: $? = 0
configure:4404: test -s conftest
configure:4407: $? = 0
configure:4419: result: yes
configure:4570: checking for connect
configure:4627: gp2x-gcc -o conftest -g -O2   conftest.c  >&5
configure:4633: $? = 0
configure:4637: test -z 
			 || test ! -s conftest.err
configure:4640: $? = 0
configure:4643: test -s conftest
configure:4646: $? = 0
configure:4658: result: yes
configure:4733: checking for remove
configure:4790: gp2x-gcc -o conftest -g -O2   conftest.c  >&5
configure:4796: $? = 0
configure:4800: test -z 
			 || test ! -s conftest.err
configure:4803: $? = 0
configure:4806: test -s conftest
configure:4809: $? = 0
configure:4821: result: yes
configure:4896: checking for shmat
configure:4953: gp2x-gcc -o conftest -g -O2   conftest.c  >&5
configure:4959: $? = 0
configure:4963: test -z 
			 || test ! -s conftest.err
configure:4966: $? = 0
configure:4969: test -s conftest
configure:4972: $? = 0
configure:4984: result: yes
configure:5068: checking for IceConnectionNumber in -lICE
configure:5098: gp2x-gcc -o conftest -g -O2   -L/usr/X11/lib conftest.c -lICE   >&5
/usr/local/gp2xdev/lib/gcc/gp2x/4.0.2/../../../../gp2x/bin/ld: skipping incompatible /usr/X11/lib/libICE.so when searching for -lICE
/usr/local/gp2xdev/lib/gcc/gp2x/4.0.2/../../../../gp2x/bin/ld: cannot find -lICE
collect2: ld returned 1 exit status
configure:5104: $? = 1
configure: failed program was:
| /* confdefs.h.  */
| 
| #define PACKAGE_NAME ""
| #define PACKAGE_TARNAME ""
| #define PACKAGE_VERSION ""
| #define PACKAGE_STRING ""
| #define PACKAGE_BUGREPORT ""
| #define PACKAGE "ppang"
| #define VERSION "1.1.1"
| #ifdef __cplusplus
| extern "C" void std::exit (int) throw (); using std::exit;
| #endif
| /* end confdefs.h.  */
| 
| /* Override any gcc2 internal prototype to avoid an error.  */
| #ifdef __cplusplus
| extern "C"
| #endif
| /* We use char because int might match the return type of a gcc2
|    builtin and then its argument prototype would still apply.  */
| char IceConnectionNumber ();
| int
| main ()
| {
| IceConnectionNumber ();
|   ;
|   return 0;
| }
configure:5130: result: no
configure:5193: checking for sdl-config
configure:5211: found /usr/local/gp2xdev/bin/sdl-config
configure:5224: result: /usr/local/gp2xdev/bin/sdl-config
configure:5232: checking for SDL - version >= 1.1.8
configure:5350: result: yes
configure:5699: creating ./config.status

## ---------------------- ##
## Running config.status. ##
## ---------------------- ##

This file was extended by config.status, which was
generated by GNU Autoconf 2.59.  Invocation command line was

  CONFIG_FILES    = 
  CONFIG_HEADERS  = 
  CONFIG_LINKS    = 
  CONFIG_COMMANDS = 
  $ ./config.status 

on chicken

config.status:709: creating Makefile
config.status:709: creating src/Makefile
config.status:892: executing depfiles commands

## ---------------- ##
## Cache variables. ##
## ---------------- ##

ac_cv_build=i386-pc-linux-gnu
ac_cv_build_alias=i386-linux
ac_cv_c_compiler_gnu=yes
ac_cv_c_const=yes
ac_cv_cxx_compiler_gnu=yes
ac_cv_env_CC_set=
ac_cv_env_CC_value=
ac_cv_env_CFLAGS_set=
ac_cv_env_CFLAGS_value=
ac_cv_env_CPPFLAGS_set=
ac_cv_env_CPPFLAGS_value=
ac_cv_env_CPP_set=
ac_cv_env_CPP_value=
ac_cv_env_CXXFLAGS_set=
ac_cv_env_CXXFLAGS_value=
ac_cv_env_CXX_set=
ac_cv_env_CXX_value=
ac_cv_env_LDFLAGS_set=
ac_cv_env_LDFLAGS_value=
ac_cv_env_build_alias_set=set
ac_cv_env_build_alias_value=i386-linux
ac_cv_env_host_alias_set=set
ac_cv_env_host_alias_value=gp2x
ac_cv_env_target_alias_set=set
ac_cv_env_target_alias_value=gp2x
ac_cv_exeext=
ac_cv_func_connect=yes
ac_cv_func_gethostbyname=yes
ac_cv_func_remove=yes
ac_cv_func_shmat=yes
ac_cv_have_x='have_x=yes 		ac_x_includes=/usr/X11/include ac_x_libraries=/usr/X11/lib'
ac_cv_host=arm-gp2x-linux-gnu
ac_cv_host_alias=gp2x
ac_cv_lib_ICE_IceConnectionNumber=no
ac_cv_lib_dnet_dnet_ntoa=no
ac_cv_lib_dnet_stub_dnet_ntoa=no
ac_cv_objext=o
ac_cv_path_SDL_CONFIG=/usr/local/gp2xdev/bin/sdl-config
ac_cv_path_install='/bin/install -c'
ac_cv_prog_AWK=gawk
ac_cv_prog_CC=gp2x-gcc
ac_cv_prog_CPP='gp2x-gcc -E'
ac_cv_prog_CXX=gp2x-g++
ac_cv_prog_STRIP=gp2x-strip
ac_cv_prog_cc_g=yes
ac_cv_prog_cc_stdc=
ac_cv_prog_cxx_g=yes
ac_cv_prog_make_make_set=yes
ac_cv_target=arm-gp2x-linux-gnu
ac_cv_target_alias=gp2x
am_cv_CC_dependencies_compiler_type=gcc3
am_cv_CXX_dependencies_compiler_type=gcc3

## ----------------- ##
## Output variables. ##
## ----------------- ##

ACLOCAL='${SHELL} /home/baro/gp2x/games/gp2xpang-source-v.1.1.1/missing --run aclocal-1.9'
AMDEPBACKSLASH='\'
AMDEP_FALSE='#'
AMDEP_TRUE=''
AMTAR='${SHELL} /home/baro/gp2x/games/gp2xpang-source-v.1.1.1/missing --run tar'
AUTOCONF='${SHELL} /home/baro/gp2x/games/gp2xpang-source-v.1.1.1/missing --run autoconf'
AUTOHEADER='${SHELL} /home/baro/gp2x/games/gp2xpang-source-v.1.1.1/missing --run autoheader'
AUTOMAKE='${SHELL} /home/baro/gp2x/games/gp2xpang-source-v.1.1.1/missing --run automake-1.9'
AWK='gawk'
CC='gp2x-gcc'
CCDEPMODE='depmode=gcc3'
CFLAGS='-g -O2  -I/usr/X11/include -I/usr/local/gp2xdev/include/SDL -D_REENTRANT -Wall -DPC_VERSION -DGP2X_VERSION -DRES320X240 -DRES320X240 -static'
CPP='gp2x-gcc -E'
CPPFLAGS=''
CXX='gp2x-g++'
CXXDEPMODE='depmode=gcc3'
CXXFLAGS='-g -O2 -I/usr/local/gp2xdev/include/SDL -D_REENTRANT -I/usr/local/gp2xdev/include/SDL -D_REENTRANT'
CYGPATH_W='echo'
DEBUG_FALSE=''
DEBUG_TRUE='#'
DEFS='-DPACKAGE_NAME=\"\" -DPACKAGE_TARNAME=\"\" -DPACKAGE_VERSION=\"\" -DPACKAGE_STRING=\"\" -DPACKAGE_BUGREPORT=\"\" -DPACKAGE=\"ppang\" -DVERSION=\"1.1.1\" '
DEPDIR='.deps'
ECHO_C=''
ECHO_N='-n'
ECHO_T=''
EXEEXT=''
INSTALL_DATA='${INSTALL} -m 644'
INSTALL_PROGRAM='${INSTALL}'
INSTALL_SCRIPT='${INSTALL}'
INSTALL_STRIP_PROGRAM='${SHELL} $(install_sh) -c -s'
LDFLAGS=''
LIBOBJS=''
LIBS=' -L/usr/local/gp2xdev/lib -Wl,-rpath,/usr/local/gp2xdev/lib -lSDL -lpthread'
LTLIBOBJS=''
MAKEINFO='${SHELL} /home/baro/gp2x/games/gp2xpang-source-v.1.1.1/missing --run makeinfo'
MATHLIB='-lm'
OBJEXT='o'
PACKAGE='ppang'
PACKAGE_BUGREPORT=''
PACKAGE_NAME=''
PACKAGE_STRING=''
PACKAGE_TARNAME=''
PACKAGE_VERSION=''
PATH_SEPARATOR=':'
SDL_CFLAGS='-I/usr/local/gp2xdev/include/SDL -D_REENTRANT'
SDL_CONFIG='/usr/local/gp2xdev/bin/sdl-config'
SDL_LIBS='-L/usr/local/gp2xdev/lib -Wl,-rpath,/usr/local/gp2xdev/lib -lSDL -lpthread'
SET_MAKE=''
SHELL='/bin/sh'
STRIP='gp2x-strip'
VERSION='1.1.1'
X_CFLAGS=' -I/usr/X11/include'
X_EXTRA_LIBS=''
X_LIBS=' -L/usr/X11/lib'
X_PRE_LIBS=''
ac_ct_CC=''
ac_ct_CXX=''
ac_ct_STRIP=''
am__fastdepCC_FALSE='#'
am__fastdepCC_TRUE=''
am__fastdepCXX_FALSE='#'
am__fastdepCXX_TRUE=''
am__include='include'
am__leading_dot='.'
am__quote=''
am__tar='${AMTAR} chof - "$$tardir"'
am__untar='${AMTAR} xf -'
bindir='${exec_prefix}/bin'
build='i386-pc-linux-gnu'
build_alias='i386-linux'
build_cpu='i386'
build_os='linux-gnu'
build_vendor='pc'
datadir='${prefix}/share'
exec_prefix='${prefix}'
host='arm-gp2x-linux-gnu'
host_alias='gp2x'
host_cpu='arm'
host_os='linux-gnu'
host_vendor='gp2x'
includedir='${prefix}/include'
infodir='${prefix}/info'
install_sh='/home/baro/gp2x/games/gp2xpang-source-v.1.1.1/install-sh'
libdir='${exec_prefix}/lib'
libexecdir='${exec_prefix}/libexec'
localstatedir='${prefix}/var'
mandir='${prefix}/man'
mkdir_p='mkdir -p --'
oldincludedir='/usr/include'
prefix='/usr/local/gp2xdev'
program_transform_name='s,^,gp2x-,'
sbindir='${exec_prefix}/sbin'
sharedstatedir='${prefix}/com'
sysconfdir='${prefix}/etc'
target='arm-gp2x-linux-gnu'
target_alias='gp2x'
target_cpu='arm'
target_os='linux-gnu'
target_vendor='gp2x'

## ----------- ##
## confdefs.h. ##
## ----------- ##

#define PACKAGE "ppang"
#define PACKAGE_BUGREPORT ""
#define PACKAGE_NAME ""
#define PACKAGE_STRING ""
#define PACKAGE_TARNAME ""
#define PACKAGE_VERSION ""
#define VERSION "1.1.1"
#endif
#ifdef __cplusplus
extern "C" void std::exit (int) throw (); using std::exit;

configure: exit 0
